2025-04-20 14:42:01.324  INFO 41372 --- [main] c.w.WccApplication                       : Starting WccApplication v0.0.1-SNAPSHOT using Java 17.0.7 on DESKTOP-HJNNGHP with PID 41372 (D:\workspace\spring-boot-keycloak-mysql\Backend\target\App_api-0.0.1-SNAPSHOT.jar started by User in D:\workspace\spring-boot-keycloak-mysql)
2025-04-20 14:42:01.329  INFO 41372 --- [main] c.w.WccApplication                       : No active profile set, falling back to 1 default profile: "default"
2025-04-20 14:42:02.424  INFO 41372 --- [main] .s.d.r.c.RepositoryConfigurationDelegate : Bootstrapping Spring Data JPA repositories in DEFAULT mode.
2025-04-20 14:42:02.468  INFO 41372 --- [main] .s.d.r.c.RepositoryConfigurationDelegate : Finished Spring Data repository scanning in 30 ms. Found 1 JPA repository interfaces.
2025-04-20 14:42:04.191  INFO 41372 --- [main] o.s.b.w.e.t.TomcatWebServer              : Tomcat initialized with port(s): 8090 (http)
2025-04-20 14:42:04.239  INFO 41372 --- [main] o.a.c.c.StandardService                  : Starting service [Tomcat]
2025-04-20 14:42:04.239  INFO 41372 --- [main] o.a.c.c.StandardEngine                   : Starting Servlet engine: [Apache Tomcat/9.0.64]
2025-04-20 14:42:04.361  INFO 41372 --- [main] o.a.c.c.C.[.[.[/]                        : Initializing Spring embedded WebApplicationContext
2025-04-20 14:42:04.361  INFO 41372 --- [main] w.s.c.ServletWebServerApplicationContext : Root WebApplicationContext: initialization completed in 2968 ms
2025-04-20 14:42:04.824  WARN 41372 --- [main] JpaBaseConfiguration$JpaWebConfiguration : spring.jpa.open-in-view is enabled by default. Therefore, database queries may be performed during view rendering. Explicitly configure spring.jpa.open-in-view to disable this warning
2025-04-20 14:42:05.011  INFO 41372 --- [main] c.z.h.HikariDataSource                   : HikariPool-1 - Starting...
2025-04-20 14:42:05.515  INFO 41372 --- [main] c.z.h.HikariDataSource                   : HikariPool-1 - Start completed.
2025-04-20 14:42:05.595  INFO 41372 --- [main] o.h.j.i.u.LogHelper                      : HHH000204: Processing PersistenceUnitInfo [name: default]
2025-04-20 14:42:05.774  INFO 41372 --- [main] o.h.Version                              : HHH000412: Hibernate ORM core version 5.6.9.Final
2025-04-20 14:42:06.341  INFO 41372 --- [main] o.h.a.c.Version                          : HCANN000001: Hibernate Commons Annotations {5.1.2.Final}
2025-04-20 14:42:06.626  INFO 41372 --- [main] o.h.d.Dialect                            : HHH000400: Using dialect: org.hibernate.dialect.MySQL5InnoDBDialect
2025-04-20 14:42:08.329  INFO 41372 --- [main] o.h.e.t.j.p.i.JtaPlatformInitiator       : HHH000490: Using JtaPlatform implementation: [org.hibernate.engine.transaction.jta.platform.internal.NoJtaPlatform]
2025-04-20 14:42:08.360  INFO 41372 --- [main] j.LocalContainerEntityManagerFactoryBean : Initialized JPA EntityManagerFactory for persistence unit 'default'
2025-04-20 14:42:09.790  INFO 41372 --- [main] o.s.s.w.DefaultSecurityFilterChain       : Will secure any request with [org.springframework.security.web.session.DisableEncodeUrlFilter@63538bb4, org.springframework.security.web.context.request.async.WebAsyncManagerIntegrationFilter@24534cb0, org.springframework.security.web.context.SecurityContextPersistenceFilter@4fa822ad, org.springframework.security.web.header.HeaderWriterFilter@404db674, org.keycloak.adapters.springsecurity.filter.KeycloakPreAuthActionsFilter@5ba26eb0, org.keycloak.adapters.springsecurity.filter.KeycloakAuthenticationProcessingFilter@3f725306, org.springframework.security.web.authentication.logout.LogoutFilter@2d5ef498, org.springframework.security.web.savedrequest.RequestCacheAwareFilter@7ad1caa2, org.springframework.security.web.servletapi.SecurityContextHolderAwareRequestFilter@444f44c5, org.keycloak.adapters.springsecurity.filter.KeycloakSecurityContextRequestFilter@435e60ff, org.keycloak.adapters.springsecurity.filter.KeycloakAuthenticatedActionsFilter@17d32e9b, org.springframework.security.web.authentication.AnonymousAuthenticationFilter@5a50d9fc, org.springframework.security.web.session.SessionManagementFilter@7add838c, org.springframework.security.web.access.ExceptionTranslationFilter@59ce792e, org.springframework.security.web.access.intercept.FilterSecurityInterceptor@3f183caa]
2025-04-20 14:42:11.762  INFO 41372 --- [main] o.s.b.w.e.t.TomcatWebServer              : Tomcat started on port(s): 8090 (http) with context path ''
2025-04-20 14:42:11.788  INFO 41372 --- [main] c.w.WccApplication                       : Started WccApplication in 10.969 seconds (JVM running for 12.045)
2025-04-20 14:42:14.606  INFO 41372 --- [http-nio-8090-exec-1] o.a.c.c.C.[.[.[/]                        : Initializing Spring DispatcherServlet 'dispatcherServlet'
2025-04-20 14:42:14.607  INFO 41372 --- [http-nio-8090-exec-1] o.s.w.s.DispatcherServlet                : Initializing Servlet 'dispatcherServlet'
2025-04-20 14:42:14.609  INFO 41372 --- [http-nio-8090-exec-1] o.s.w.s.DispatcherServlet                : Completed initialization in 1 ms
2025-04-20 14:42:20.277  INFO 41372 --- [http-nio-8090-exec-3] o.k.a.KeycloakDeployment                 : Loaded URLs from http://localhost:8080/realms/master/.well-known/openid-configuration
2025-04-20 14:42:20.378 ERROR 41372 --- [http-nio-8090-exec-3] o.k.a.r.AdapterTokenVerifier             : Didn't find publicKey for kid: m6EdFhJMKyEvHcRiiT3jgnIe9Yb1oRTmNYIkRPDw8lA
2025-04-20 14:42:20.390 ERROR 41372 --- [http-nio-8090-exec-3] o.k.a.r.AdapterTokenVerifier             : Didn't find publicKey for kid: m6EdFhJMKyEvHcRiiT3jgnIe9Yb1oRTmNYIkRPDw8lA
2025-04-20 14:42:25.745  INFO 41372 --- [http-nio-8090-exec-4] c.w.c.LoginController                    : User Login username=admin , password=adminpass
2025-04-20 14:42:28.206  INFO 41372 --- [SpringApplicationShutdownHook] j.LocalContainerEntityManagerFactoryBean : Closing JPA EntityManagerFactory for persistence unit 'default'
2025-04-20 14:42:28.210  INFO 41372 --- [SpringApplicationShutdownHook] c.z.h.HikariDataSource                   : HikariPool-1 - Shutdown initiated...
2025-04-20 14:42:28.233  INFO 41372 --- [SpringApplicationShutdownHook] c.z.h.HikariDataSource                   : HikariPool-1 - Shutdown completed.
